d:\git\ocean\x64\release\ocean\task\coretaskf\coretask\x64\debug\coretask.pch
d:\git\ocean\x64\release\ocean\task\coretaskf\coretask\x64\debug\vc140.pdb
d:\git\ocean\x64\release\ocean\task\coretaskf\coretask\x64\debug\stdafx.obj
d:\git\ocean\x64\release\ocean\task\coretaskf\coretask\x64\debug\coretask.obj
d:\git\ocean\x64\release\ocean\task\coretaskf\x64\debug\coretask.lib
d:\git\ocean\x64\release\ocean\task\coretaskf\x64\debug\coretask.exp
d:\git\ocean\x64\release\ocean\task\coretaskf\x64\coretask.lib
d:\git\ocean\x64\release\ocean\task\coretaskf\x64\coretask.exp
d:\git\ocean\x64\release\ocean\task\coretaskf\coretask.lib
d:\git\ocean\x64\release\ocean\task\coretaskf\coretask.exp
d:\git\ocean\x64\release\ocean\task\coretaskf\coretaskf.ilk
d:\git\ocean\x64\release\ocean\task\coretaskf\coretaskf.dll
d:\git\ocean\x64\release\ocean\task\coretaskf\coretask.pdb
d:\git\ocean\x64\release\ocean\task\coretaskf\coretask\x64\debug\coretask.res
d:\git\ocean\x64\release\ocean\task\coretaskf\\coretask.pdb
d:\git\ocean\x64\release\ocean\task\coretaskf\coretask\x64\debug\coretask.tlog\cl.command.1.tlog
d:\git\ocean\x64\release\ocean\task\coretaskf\coretask\x64\debug\coretask.tlog\cl.read.1.tlog
d:\git\ocean\x64\release\ocean\task\coretaskf\coretask\x64\debug\coretask.tlog\cl.write.1.tlog
d:\git\ocean\x64\release\ocean\task\coretaskf\coretask\x64\debug\coretask.tlog\coretask.write.1u.tlog
d:\git\ocean\x64\release\ocean\task\coretaskf\coretask\x64\debug\coretask.tlog\link.command.1.tlog
d:\git\ocean\x64\release\ocean\task\coretaskf\coretask\x64\debug\coretask.tlog\link.read.1.tlog
d:\git\ocean\x64\release\ocean\task\coretaskf\coretask\x64\debug\coretask.tlog\link.write.1.tlog
d:\git\ocean\x64\release\ocean\task\coretaskf\coretask\x64\debug\coretask.tlog\rc.command.1.tlog
d:\git\ocean\x64\release\ocean\task\coretaskf\coretask\x64\debug\coretask.tlog\rc.read.1.tlog
d:\git\ocean\x64\release\ocean\task\coretaskf\coretask\x64\debug\coretask.tlog\rc.write.1.tlog
