d:\git\ocean\x64\release\ocean\task\coretaskf\coretask\release\coretask.pch
d:\git\ocean\x64\release\ocean\task\coretaskf\coretask\release\vc140.pdb
d:\git\ocean\x64\release\ocean\task\coretaskf\coretask\release\stdafx.obj
d:\git\ocean\x64\release\ocean\task\coretaskf\coretask\release\coretask.obj
d:\git\ocean\x64\release\ocean\task\coretaskf\coretask\release\coretask.res
d:\git\ocean\x64\release\ocean\task\coretaskf\coretask\release\coretaskf.pch
d:\git\ocean\x64\release\ocean\task\coretaskf\coretask\release\vc90.idb
d:\git\ocean\x64\release\ocean\task\coretaskf\coretask\release\vc90.pdb
d:\git\ocean\x64\release\ocean\task\coretaskf\coretask\release\coretask.tlog\cl.command.1.tlog
d:\git\ocean\x64\release\ocean\task\coretaskf\coretask\release\coretask.tlog\cl.read.1.tlog
d:\git\ocean\x64\release\ocean\task\coretaskf\coretask\release\coretask.tlog\cl.write.1.tlog
d:\git\ocean\x64\release\ocean\task\coretaskf\coretask\release\coretask.tlog\link-cvtres.read.1.tlog
d:\git\ocean\x64\release\ocean\task\coretaskf\coretask\release\coretask.tlog\link-cvtres.write.1.tlog
d:\git\ocean\x64\release\ocean\task\coretaskf\coretask\release\coretask.tlog\link-mt.read.1.tlog
d:\git\ocean\x64\release\ocean\task\coretaskf\coretask\release\coretask.tlog\link-mt.write.1.tlog
d:\git\ocean\x64\release\ocean\task\coretaskf\coretask\release\coretask.tlog\link-rc.read.1.tlog
d:\git\ocean\x64\release\ocean\task\coretaskf\coretask\release\coretask.tlog\link-rc.write.1.tlog
d:\git\ocean\x64\release\ocean\task\coretaskf\coretask\release\coretask.tlog\link.command.1.tlog
d:\git\ocean\x64\release\ocean\task\coretaskf\coretask\release\coretask.tlog\link.read.1.tlog
d:\git\ocean\x64\release\ocean\task\coretaskf\coretask\release\coretask.tlog\link.write.1.tlog
d:\git\ocean\x64\release\ocean\task\coretaskf\coretask\release\coretask.tlog\rc.command.1.tlog
d:\git\ocean\x64\release\ocean\task\coretaskf\coretask\release\coretask.tlog\rc.read.1.tlog
d:\git\ocean\x64\release\ocean\task\coretaskf\coretask\release\coretask.tlog\rc.write.1.tlog
